  [1m[35m (0.2ms)[0m  [1m[34mSELECT pg_try_advisory_lock(6411867498922812465) /*application='FestivalPlannerPlatform'*/[0m
  [1m[36mActiveRecord::SchemaMigration Load (4.2ms)[0m  [1m[34mSELECT "schema_migrations"."version" FROM "schema_migrations" ORDER BY "schema_migrations"."version" ASC /*application='FestivalPlannerPlatform'*/[0m
  [1m[36mActiveRecord::InternalMetadata Load (3.8ms)[0m  [1m[34mSELECT * FROM "ar_internal_metadata" WHERE "ar_internal_metadata"."key" = 'environment' ORDER BY "ar_internal_metadata"."key" ASC LIMIT 1 /*application='FestivalPlannerPlatform'*/[0m
Migrating to CreateIndustrySpecializations (20250712034044)
  [1m[36mTRANSACTION (0.1ms)[0m  [1m[35mBEGIN /*application='FestivalPlannerPlatform'*/[0m
  [1m[35m (27.5ms)[0m  [1m[35mCREATE TABLE "industry_specializations" ("id" bigserial primary key, "festival_id" bigint NOT NULL, "industry_type" character varying NOT NULL, "specialization_level" character varying DEFAULT 'basic' NOT NULL, "status" character varying DEFAULT 'planning' NOT NULL, "certification_required" boolean DEFAULT FALSE, "description" text, "priority" character varying DEFAULT 'medium', "specialization_code" character varying, "activated_at" timestamp(6), "completed_at" timestamp(6), "completion_notes" text, "compliance_standards" text, "specialized_features" text, "industry_regulations" text, "certification_requirements" text, "performance_kpis" text, "vendor_criteria" text, "created_at" timestamp(6) NOT NULL, "updated_at" timestamp(6) NOT NULL, CONSTRAINT "fk_rails_f36f449e74"
FOREIGN KEY ("festival_id")
  REFERENCES "festivals" ("id")
) /*application='FestivalPlannerPlatform'*/[0m
  [1m[35m (1.5ms)[0m  [1m[35mCREATE INDEX "index_industry_specializations_on_festival_id" ON "industry_specializations" ("festival_id") /*application='FestivalPlannerPlatform'*/[0m
  [1m[35m (2.1ms)[0m  [1m[35mCREATE INDEX "index_industry_specializations_on_industry_type" ON "industry_specializations" ("industry_type") /*application='FestivalPlannerPlatform'*/[0m
  [1m[35m (1.2ms)[0m  [1m[35mCREATE INDEX "index_industry_specializations_on_status" ON "industry_specializations" ("status") /*application='FestivalPlannerPlatform'*/[0m
  [1m[35m (1.1ms)[0m  [1m[35mCREATE UNIQUE INDEX "index_industry_specializations_on_specialization_code" ON "industry_specializations" ("specialization_code") /*application='FestivalPlannerPlatform'*/[0m
  [1m[35m (1.1ms)[0m  [1m[35mCREATE UNIQUE INDEX "idx_on_festival_id_industry_type_c6db393dc4" ON "industry_specializations" ("festival_id", "industry_type") /*application='FestivalPlannerPlatform'*/[0m
  [1m[36mActiveRecord::SchemaMigration Create (0.3ms)[0m  [1m[32mINSERT INTO "schema_migrations" ("version") VALUES ('20250712034044') RETURNING "version" /*application='FestivalPlannerPlatform'*/[0m
  [1m[36mTRANSACTION (0.6ms)[0m  [1m[35mCOMMIT /*application='FestivalPlannerPlatform'*/[0m
Migrating to CreateTourismCollaborations (20250712034050)
  [1m[36mTRANSACTION (0.4ms)[0m  [1m[35mBEGIN /*application='FestivalPlannerPlatform'*/[0m
  [1m[35m (10.1ms)[0m  [1m[35mCREATE TABLE "tourism_collaborations" ("id" bigserial primary key, "festival_id" bigint NOT NULL, "tourism_board_id" bigint NOT NULL, "coordinator_id" bigint NOT NULL, "collaboration_type" character varying NOT NULL, "status" character varying DEFAULT 'proposed' NOT NULL, "priority" character varying DEFAULT 'medium', "start_date" date NOT NULL, "end_date" date NOT NULL, "budget_allocation" decimal(12,2) NOT NULL, "expected_visitors" integer NOT NULL, "collaboration_number" character varying, "activated_at" timestamp(6), "completed_at" timestamp(6), "approved_at" timestamp(6), "approved_by" integer, "cancelled_at" timestamp(6), "cancelled_by" integer, "cancellation_reason" text, "completion_notes" text, "approval_notes" text, "description" text, "marketing_objectives" text, "target_demographics" text, "promotional_channels" text, "collaboration_benefits" text, "performance_metrics" text, "visitor_data" text, "created_at" timestamp(6) NOT NULL, "updated_at" timestamp(6) NOT NULL, CONSTRAINT "fk_rails_d4941f1ba0"
FOREIGN KEY ("festival_id")
  REFERENCES "festivals" ("id")
, CONSTRAINT "fk_rails_1eb73fd19c"
FOREIGN KEY ("tourism_board_id")
  REFERENCES "municipal_authorities" ("id")
, CONSTRAINT "fk_rails_c1f5e908b7"
FOREIGN KEY ("coordinator_id")
  REFERENCES "users" ("id")
) /*application='FestivalPlannerPlatform'*/[0m
  [1m[36mTRANSACTION (0.1ms)[0m  [1m[31mROLLBACK /*application='FestivalPlannerPlatform'*/[0m
  [1m[35m (0.2ms)[0m  [1m[34mSELECT pg_advisory_unlock(6411867498922812465) /*application='FestivalPlannerPlatform'*/[0m
  [1m[35m (0.2ms)[0m  [1m[34mSELECT pg_try_advisory_lock(6411867498922812465) /*application='FestivalPlannerPlatform'*/[0m
  [1m[36mActiveRecord::SchemaMigration Load (0.6ms)[0m  [1m[34mSELECT "schema_migrations"."version" FROM "schema_migrations" ORDER BY "schema_migrations"."version" ASC /*application='FestivalPlannerPlatform'*/[0m
  [1m[36mActiveRecord::InternalMetadata Load (0.8ms)[0m  [1m[34mSELECT * FROM "ar_internal_metadata" WHERE "ar_internal_metadata"."key" = 'environment' ORDER BY "ar_internal_metadata"."key" ASC LIMIT 1 /*application='FestivalPlannerPlatform'*/[0m
Migrating to CreateTourismCollaborations (20250712034050)
  [1m[36mTRANSACTION (0.1ms)[0m  [1m[35mBEGIN /*application='FestivalPlannerPlatform'*/[0m
  [1m[35m (9.6ms)[0m  [1m[35mCREATE TABLE "tourism_collaborations" ("id" bigserial primary key, "festival_id" bigint NOT NULL, "tourism_board_id" bigint NOT NULL, "coordinator_id" bigint NOT NULL, "collaboration_type" character varying NOT NULL, "status" character varying DEFAULT 'proposed' NOT NULL, "priority" character varying DEFAULT 'medium', "start_date" date NOT NULL, "end_date" date NOT NULL, "budget_allocation" decimal(12,2) NOT NULL, "expected_visitors" integer NOT NULL, "collaboration_number" character varying, "activated_at" timestamp(6), "completed_at" timestamp(6), "approved_at" timestamp(6), "approved_by" integer, "cancelled_at" timestamp(6), "cancelled_by" integer, "cancellation_reason" text, "completion_notes" text, "approval_notes" text, "description" text, "marketing_objectives" text, "target_demographics" text, "promotional_channels" text, "collaboration_benefits" text, "performance_metrics" text, "visitor_data" text, "created_at" timestamp(6) NOT NULL, "updated_at" timestamp(6) NOT NULL, CONSTRAINT "fk_rails_d4941f1ba0"
FOREIGN KEY ("festival_id")
  REFERENCES "festivals" ("id")
, CONSTRAINT "fk_rails_1eb73fd19c"
FOREIGN KEY ("tourism_board_id")
  REFERENCES "municipal_authorities" ("id")
, CONSTRAINT "fk_rails_c1f5e908b7"
FOREIGN KEY ("coordinator_id")
  REFERENCES "users" ("id")
) /*application='FestivalPlannerPlatform'*/[0m
  [1m[36mTRANSACTION (0.1ms)[0m  [1m[31mROLLBACK /*application='FestivalPlannerPlatform'*/[0m
  [1m[35m (0.1ms)[0m  [1m[34mSELECT pg_advisory_unlock(6411867498922812465) /*application='FestivalPlannerPlatform'*/[0m
  [1m[35m (0.1ms)[0m  [1m[34mSELECT pg_try_advisory_lock(6411867498922812465) /*application='FestivalPlannerPlatform'*/[0m
  [1m[36mActiveRecord::SchemaMigration Load (0.6ms)[0m  [1m[34mSELECT "schema_migrations"."version" FROM "schema_migrations" ORDER BY "schema_migrations"."version" ASC /*application='FestivalPlannerPlatform'*/[0m
  [1m[36mActiveRecord::InternalMetadata Load (0.6ms)[0m  [1m[34mSELECT * FROM "ar_internal_metadata" WHERE "ar_internal_metadata"."key" = 'environment' ORDER BY "ar_internal_metadata"."key" ASC LIMIT 1 /*application='FestivalPlannerPlatform'*/[0m
Migrating to CreateMunicipalAuthorities (20250712034138)
  [1m[36mTRANSACTION (0.1ms)[0m  [1m[35mBEGIN /*application='FestivalPlannerPlatform'*/[0m
  [1m[35m (6.9ms)[0m  [1m[35mCREATE TABLE "municipal_authorities" ("id" bigserial primary key, "name" character varying NOT NULL, "authority_type" character varying NOT NULL, "contact_person" character varying, "email" character varying, "phone" character varying, "address" text, "code" character varying, "api_endpoint" character varying, "api_key" character varying, "description" text, "created_at" timestamp(6) NOT NULL, "updated_at" timestamp(6) NOT NULL) /*application='FestivalPlannerPlatform'*/[0m
  [1m[35m (0.6ms)[0m  [1m[35mCREATE INDEX "index_municipal_authorities_on_authority_type" ON "municipal_authorities" ("authority_type") /*application='FestivalPlannerPlatform'*/[0m
  [1m[35m (0.5ms)[0m  [1m[35mCREATE UNIQUE INDEX "index_municipal_authorities_on_code" ON "municipal_authorities" ("code") /*application='FestivalPlannerPlatform'*/[0m
  [1m[35m (0.7ms)[0m  [1m[35mCREATE INDEX "index_municipal_authorities_on_email" ON "municipal_authorities" ("email") /*application='FestivalPlannerPlatform'*/[0m
  [1m[36mActiveRecord::SchemaMigration Create (0.2ms)[0m  [1m[32mINSERT INTO "schema_migrations" ("version") VALUES ('20250712034138') RETURNING "version" /*application='FestivalPlannerPlatform'*/[0m
  [1m[36mTRANSACTION (0.4ms)[0m  [1m[35mCOMMIT /*application='FestivalPlannerPlatform'*/[0m
Migrating to CreateTourismCollaborations (20250712034200)
  [1m[36mTRANSACTION (0.2ms)[0m  [1m[35mBEGIN /*application='FestivalPlannerPlatform'*/[0m
  [1m[35m (7.5ms)[0m  [1m[35mCREATE TABLE "tourism_collaborations" ("id" bigserial primary key, "festival_id" bigint NOT NULL, "tourism_board_id" bigint NOT NULL, "coordinator_id" bigint NOT NULL, "collaboration_type" character varying NOT NULL, "status" character varying DEFAULT 'proposed' NOT NULL, "priority" character varying DEFAULT 'medium', "start_date" date NOT NULL, "end_date" date NOT NULL, "budget_allocation" decimal(12,2) NOT NULL, "expected_visitors" integer NOT NULL, "collaboration_number" character varying, "activated_at" timestamp(6), "completed_at" timestamp(6), "approved_at" timestamp(6), "approved_by" integer, "cancelled_at" timestamp(6), "cancelled_by" integer, "cancellation_reason" text, "completion_notes" text, "approval_notes" text, "description" text, "marketing_objectives" text, "target_demographics" text, "promotional_channels" text, "collaboration_benefits" text, "performance_metrics" text, "visitor_data" text, "created_at" timestamp(6) NOT NULL, "updated_at" timestamp(6) NOT NULL, CONSTRAINT "fk_rails_d4941f1ba0"
FOREIGN KEY ("festival_id")
  REFERENCES "festivals" ("id")
, CONSTRAINT "fk_rails_1eb73fd19c"
FOREIGN KEY ("tourism_board_id")
  REFERENCES "municipal_authorities" ("id")
, CONSTRAINT "fk_rails_c1f5e908b7"
FOREIGN KEY ("coordinator_id")
  REFERENCES "users" ("id")
) /*application='FestivalPlannerPlatform'*/[0m
  [1m[35m (0.9ms)[0m  [1m[35mCREATE INDEX "index_tourism_collaborations_on_festival_id" ON "tourism_collaborations" ("festival_id") /*application='FestivalPlannerPlatform'*/[0m
  [1m[35m (1.1ms)[0m  [1m[35mCREATE INDEX "index_tourism_collaborations_on_tourism_board_id" ON "tourism_collaborations" ("tourism_board_id") /*application='FestivalPlannerPlatform'*/[0m
  [1m[35m (1.1ms)[0m  [1m[35mCREATE INDEX "index_tourism_collaborations_on_coordinator_id" ON "tourism_collaborations" ("coordinator_id") /*application='FestivalPlannerPlatform'*/[0m
  [1m[35m (1.1ms)[0m  [1m[35mCREATE INDEX "index_tourism_collaborations_on_collaboration_type" ON "tourism_collaborations" ("collaboration_type") /*application='FestivalPlannerPlatform'*/[0m
  [1m[35m (0.6ms)[0m  [1m[35mCREATE INDEX "index_tourism_collaborations_on_status" ON "tourism_collaborations" ("status") /*application='FestivalPlannerPlatform'*/[0m
  [1m[35m (0.7ms)[0m  [1m[35mCREATE UNIQUE INDEX "index_tourism_collaborations_on_collaboration_number" ON "tourism_collaborations" ("collaboration_number") /*application='FestivalPlannerPlatform'*/[0m
  [1m[35m (0.7ms)[0m  [1m[35mCREATE INDEX "index_tourism_collaborations_on_start_date_and_end_date" ON "tourism_collaborations" ("start_date", "end_date") /*application='FestivalPlannerPlatform'*/[0m
  [1m[35m (3.8ms)[0m  [1m[35mCREATE INDEX "index_tourism_collaborations_on_tourism_board_id" ON "tourism_collaborations" ("tourism_board_id") /*application='FestivalPlannerPlatform'*/[0m
  [1m[36mTRANSACTION (0.1ms)[0m  [1m[31mROLLBACK /*application='FestivalPlannerPlatform'*/[0m
  [1m[35m (0.2ms)[0m  [1m[34mSELECT pg_advisory_unlock(6411867498922812465) /*application='FestivalPlannerPlatform'*/[0m
  [1m[36mActiveRecord::SchemaMigration Load (1.0ms)[0m  [1m[34mSELECT "schema_migrations"."version" FROM "schema_migrations" ORDER BY "schema_migrations"."version" ASC /*application='FestivalPlannerPlatform'*/[0m
  [1m[36mActiveRecord::SchemaMigration Load (0.2ms)[0m  [1m[34mSELECT "schema_migrations"."version" FROM "schema_migrations" ORDER BY "schema_migrations"."version" ASC /*application='FestivalPlannerPlatform'*/[0m
  [1m[36mActiveRecord::SchemaMigration Load (0.2ms)[0m  [1m[34mSELECT "schema_migrations"."version" FROM "schema_migrations" ORDER BY "schema_migrations"."version" ASC /*application='FestivalPlannerPlatform'*/[0m
  [1m[35m (0.2ms)[0m  [1m[34mSELECT pg_try_advisory_lock(6411867498922812465) /*application='FestivalPlannerPlatform'*/[0m
  [1m[36mActiveRecord::SchemaMigration Load (0.2ms)[0m  [1m[34mSELECT "schema_migrations"."version" FROM "schema_migrations" ORDER BY "schema_migrations"."version" ASC /*application='FestivalPlannerPlatform'*/[0m
Migrating to CreateMunicipalAuthorities (20250712034138)
  [1m[36mTRANSACTION (0.1ms)[0m  [1m[35mBEGIN /*application='FestivalPlannerPlatform'*/[0m
  [1m[35m (2.0ms)[0m  [1m[35mDROP INDEX  "index_municipal_authorities_on_email" /*application='FestivalPlannerPlatform'*/[0m
  [1m[35m (0.1ms)[0m  [1m[35mDROP INDEX  "index_municipal_authorities_on_code" /*application='FestivalPlannerPlatform'*/[0m
  [1m[35m (0.3ms)[0m  [1m[35mDROP INDEX  "index_municipal_authorities_on_authority_type" /*application='FestivalPlannerPlatform'*/[0m
  [1m[35m (2.1ms)[0m  [1m[35mDROP TABLE "municipal_authorities" /*application='FestivalPlannerPlatform'*/[0m
  [1m[36mActiveRecord::SchemaMigration Destroy (1.1ms)[0m  [1m[31mDELETE FROM "schema_migrations" WHERE "schema_migrations"."version" = '20250712034138' /*application='FestivalPlannerPlatform'*/[0m
  [1m[36mTRANSACTION (2.3ms)[0m  [1m[35mCOMMIT /*application='FestivalPlannerPlatform'*/[0m
Migrating to CreateIndustrySpecializations (20250712034044)
  [1m[36mTRANSACTION (0.1ms)[0m  [1m[35mBEGIN /*application='FestivalPlannerPlatform'*/[0m
  [1m[35m (1.1ms)[0m  [1m[35mDROP INDEX  "idx_on_festival_id_industry_type_c6db393dc4" /*application='FestivalPlannerPlatform'*/[0m
  [1m[35m (0.3ms)[0m  [1m[35mDROP INDEX  "index_industry_specializations_on_specialization_code" /*application='FestivalPlannerPlatform'*/[0m
  [1m[35m (0.2ms)[0m  [1m[35mDROP INDEX  "index_industry_specializations_on_status" /*application='FestivalPlannerPlatform'*/[0m
  [1m[35m (0.2ms)[0m  [1m[35mDROP INDEX  "index_industry_specializations_on_industry_type" /*application='FestivalPlannerPlatform'*/[0m
  [1m[35m (2.3ms)[0m  [1m[35mDROP TABLE "industry_specializations" /*application='FestivalPlannerPlatform'*/[0m
  [1m[36mActiveRecord::SchemaMigration Destroy (0.2ms)[0m  [1m[31mDELETE FROM "schema_migrations" WHERE "schema_migrations"."version" = '20250712034044' /*application='FestivalPlannerPlatform'*/[0m
  [1m[36mTRANSACTION (3.7ms)[0m  [1m[35mCOMMIT /*application='FestivalPlannerPlatform'*/[0m
Migrating to AddRevenueTypeToRevenues (20250704192933)
  [1m[36mTRANSACTION (0.1ms)[0m  [1m[35mBEGIN /*application='FestivalPlannerPlatform'*/[0m
  [1m[35m (1.9ms)[0m  [1m[35mALTER TABLE "revenues" DROP COLUMN "revenue_type" /*application='FestivalPlannerPlatform'*/[0m
  [1m[36mActiveRecord::SchemaMigration Destroy (0.2ms)[0m  [1m[31mDELETE FROM "schema_migrations" WHERE "schema_migrations"."version" = '20250704192933' /*application='FestivalPlannerPlatform'*/[0m
  [1m[36mTRANSACTION (0.4ms)[0m  [1m[35mCOMMIT /*application='FestivalPlannerPlatform'*/[0m
  [1m[35m (0.2ms)[0m  [1m[34mSELECT pg_advisory_unlock(6411867498922812465) /*application='FestivalPlannerPlatform'*/[0m
  [1m[36mActiveRecord::SchemaMigration Load (0.2ms)[0m  [1m[34mSELECT "schema_migrations"."version" FROM "schema_migrations" ORDER BY "schema_migrations"."version" ASC /*application='FestivalPlannerPlatform'*/[0m
  [1m[35m (0.1ms)[0m  [1m[34mSELECT pg_try_advisory_lock(6411867498922812465) /*application='FestivalPlannerPlatform'*/[0m
  [1m[36mActiveRecord::SchemaMigration Load (0.8ms)[0m  [1m[34mSELECT "schema_migrations"."version" FROM "schema_migrations" ORDER BY "schema_migrations"."version" ASC /*application='FestivalPlannerPlatform'*/[0m
  [1m[36mActiveRecord::InternalMetadata Load (1.0ms)[0m  [1m[34mSELECT * FROM "ar_internal_metadata" WHERE "ar_internal_metadata"."key" = 'environment' ORDER BY "ar_internal_metadata"."key" ASC LIMIT 1 /*application='FestivalPlannerPlatform'*/[0m
Migrating to AddRevenueTypeToRevenues (20250704192933)
  [1m[36mTRANSACTION (0.1ms)[0m  [1m[35mBEGIN /*application='FestivalPlannerPlatform'*/[0m
  [1m[35m (3.0ms)[0m  [1m[35mALTER TABLE "revenues" ADD "revenue_type" character varying DEFAULT 'other' NOT NULL /*application='FestivalPlannerPlatform'*/[0m
  [1m[36mActiveRecord::SchemaMigration Create (0.3ms)[0m  [1m[32mINSERT INTO "schema_migrations" ("version") VALUES ('20250704192933') RETURNING "version" /*application='FestivalPlannerPlatform'*/[0m
  [1m[36mTRANSACTION (0.4ms)[0m  [1m[35mCOMMIT /*application='FestivalPlannerPlatform'*/[0m
Migrating to CreateIndustrySpecializations (20250712034044)
  [1m[36mTRANSACTION (0.1ms)[0m  [1m[35mBEGIN /*application='FestivalPlannerPlatform'*/[0m
  [1m[35m (7.8ms)[0m  [1m[35mCREATE TABLE "industry_specializations" ("id" bigserial primary key, "festival_id" bigint NOT NULL, "industry_type" character varying NOT NULL, "specialization_level" character varying DEFAULT 'basic' NOT NULL, "status" character varying DEFAULT 'planning' NOT NULL, "certification_required" boolean DEFAULT FALSE, "description" text, "priority" character varying DEFAULT 'medium', "specialization_code" character varying, "activated_at" timestamp(6), "completed_at" timestamp(6), "completion_notes" text, "compliance_standards" text, "specialized_features" text, "industry_regulations" text, "certification_requirements" text, "performance_kpis" text, "vendor_criteria" text, "created_at" timestamp(6) NOT NULL, "updated_at" timestamp(6) NOT NULL, CONSTRAINT "fk_rails_f36f449e74"
FOREIGN KEY ("festival_id")
  REFERENCES "festivals" ("id")
) /*application='FestivalPlannerPlatform'*/[0m
  [1m[35m (1.7ms)[0m  [1m[35mCREATE INDEX "index_industry_specializations_on_festival_id" ON "industry_specializations" ("festival_id") /*application='FestivalPlannerPlatform'*/[0m
  [1m[35m (1.1ms)[0m  [1m[35mCREATE INDEX "index_industry_specializations_on_industry_type" ON "industry_specializations" ("industry_type") /*application='FestivalPlannerPlatform'*/[0m
  [1m[35m (1.0ms)[0m  [1m[35mCREATE INDEX "index_industry_specializations_on_status" ON "industry_specializations" ("status") /*application='FestivalPlannerPlatform'*/[0m
  [1m[35m (1.0ms)[0m  [1m[35mCREATE UNIQUE INDEX "index_industry_specializations_on_specialization_code" ON "industry_specializations" ("specialization_code") /*application='FestivalPlannerPlatform'*/[0m
  [1m[35m (0.7ms)[0m  [1m[35mCREATE UNIQUE INDEX "idx_on_festival_id_industry_type_c6db393dc4" ON "industry_specializations" ("festival_id", "industry_type") /*application='FestivalPlannerPlatform'*/[0m
  [1m[36mActiveRecord::SchemaMigration Create (0.2ms)[0m  [1m[32mINSERT INTO "schema_migrations" ("version") VALUES ('20250712034044') RETURNING "version" /*application='FestivalPlannerPlatform'*/[0m
  [1m[36mTRANSACTION (0.3ms)[0m  [1m[35mCOMMIT /*application='FestivalPlannerPlatform'*/[0m
Migrating to CreateMunicipalAuthorities (20250712034138)
  [1m[36mTRANSACTION (0.2ms)[0m  [1m[35mBEGIN /*application='FestivalPlannerPlatform'*/[0m
  [1m[35m (5.3ms)[0m  [1m[35mCREATE TABLE "municipal_authorities" ("id" bigserial primary key, "name" character varying NOT NULL, "authority_type" character varying NOT NULL, "contact_person" character varying, "email" character varying, "phone" character varying, "address" text, "code" character varying, "api_endpoint" character varying, "api_key" character varying, "description" text, "created_at" timestamp(6) NOT NULL, "updated_at" timestamp(6) NOT NULL) /*application='FestivalPlannerPlatform'*/[0m
  [1m[35m (0.9ms)[0m  [1m[35mCREATE INDEX "index_municipal_authorities_on_authority_type" ON "municipal_authorities" ("authority_type") /*application='FestivalPlannerPlatform'*/[0m
  [1m[35m (0.6ms)[0m  [1m[35mCREATE UNIQUE INDEX "index_municipal_authorities_on_code" ON "municipal_authorities" ("code") /*application='FestivalPlannerPlatform'*/[0m
  [1m[35m (0.6ms)[0m  [1m[35mCREATE INDEX "index_municipal_authorities_on_email" ON "municipal_authorities" ("email") /*application='FestivalPlannerPlatform'*/[0m
  [1m[36mActiveRecord::SchemaMigration Create (0.1ms)[0m  [1m[32mINSERT INTO "schema_migrations" ("version") VALUES ('20250712034138') RETURNING "version" /*application='FestivalPlannerPlatform'*/[0m
  [1m[36mTRANSACTION (0.4ms)[0m  [1m[35mCOMMIT /*application='FestivalPlannerPlatform'*/[0m
Migrating to CreateTourismCollaborations (20250712034200)
  [1m[36mTRANSACTION (0.1ms)[0m  [1m[35mBEGIN /*application='FestivalPlannerPlatform'*/[0m
  [1m[35m (5.4ms)[0m  [1m[35mCREATE TABLE "tourism_collaborations" ("id" bigserial primary key, "festival_id" bigint NOT NULL, "tourism_board_id" bigint NOT NULL, "coordinator_id" bigint NOT NULL, "collaboration_type" character varying NOT NULL, "status" character varying DEFAULT 'proposed' NOT NULL, "priority" character varying DEFAULT 'medium', "start_date" date NOT NULL, "end_date" date NOT NULL, "budget_allocation" decimal(12,2) NOT NULL, "expected_visitors" integer NOT NULL, "collaboration_number" character varying, "activated_at" timestamp(6), "completed_at" timestamp(6), "approved_at" timestamp(6), "approved_by" integer, "cancelled_at" timestamp(6), "cancelled_by" integer, "cancellation_reason" text, "completion_notes" text, "approval_notes" text, "description" text, "marketing_objectives" text, "target_demographics" text, "promotional_channels" text, "collaboration_benefits" text, "performance_metrics" text, "visitor_data" text, "created_at" timestamp(6) NOT NULL, "updated_at" timestamp(6) NOT NULL, CONSTRAINT "fk_rails_d4941f1ba0"
FOREIGN KEY ("festival_id")
  REFERENCES "festivals" ("id")
, CONSTRAINT "fk_rails_1eb73fd19c"
FOREIGN KEY ("tourism_board_id")
  REFERENCES "municipal_authorities" ("id")
, CONSTRAINT "fk_rails_c1f5e908b7"
FOREIGN KEY ("coordinator_id")
  REFERENCES "users" ("id")
) /*application='FestivalPlannerPlatform'*/[0m
  [1m[35m (1.0ms)[0m  [1m[35mCREATE INDEX "index_tourism_collaborations_on_festival_id" ON "tourism_collaborations" ("festival_id") /*application='FestivalPlannerPlatform'*/[0m
  [1m[35m (0.7ms)[0m  [1m[35mCREATE INDEX "index_tourism_collaborations_on_tourism_board_id" ON "tourism_collaborations" ("tourism_board_id") /*application='FestivalPlannerPlatform'*/[0m
  [1m[35m (0.7ms)[0m  [1m[35mCREATE INDEX "index_tourism_collaborations_on_coordinator_id" ON "tourism_collaborations" ("coordinator_id") /*application='FestivalPlannerPlatform'*/[0m
  [1m[35m (0.7ms)[0m  [1m[35mCREATE INDEX "index_tourism_collaborations_on_collaboration_type" ON "tourism_collaborations" ("collaboration_type") /*application='FestivalPlannerPlatform'*/[0m
  [1m[35m (0.8ms)[0m  [1m[35mCREATE INDEX "index_tourism_collaborations_on_status" ON "tourism_collaborations" ("status") /*application='FestivalPlannerPlatform'*/[0m
  [1m[35m (0.8ms)[0m  [1m[35mCREATE UNIQUE INDEX "index_tourism_collaborations_on_collaboration_number" ON "tourism_collaborations" ("collaboration_number") /*application='FestivalPlannerPlatform'*/[0m
  [1m[35m (0.8ms)[0m  [1m[35mCREATE INDEX "index_tourism_collaborations_on_start_date_and_end_date" ON "tourism_collaborations" ("start_date", "end_date") /*application='FestivalPlannerPlatform'*/[0m
  [1m[36mActiveRecord::SchemaMigration Create (0.1ms)[0m  [1m[32mINSERT INTO "schema_migrations" ("version") VALUES ('20250712034200') RETURNING "version" /*application='FestivalPlannerPlatform'*/[0m
  [1m[36mTRANSACTION (0.2ms)[0m  [1m[35mCOMMIT /*application='FestivalPlannerPlatform'*/[0m
  [1m[35m (0.2ms)[0m  [1m[34mSELECT pg_advisory_unlock(6411867498922812465) /*application='FestivalPlannerPlatform'*/[0m
  [1m[36mActiveRecord::SchemaMigration Load (0.1ms)[0m  [1m[34mSELECT "schema_migrations"."version" FROM "schema_migrations" ORDER BY "schema_migrations"."version" ASC /*application='FestivalPlannerPlatform'*/[0m
